# JRE version: OpenJDK Runtime Environment Temurin-17.0.5+8 (17.0.5+8) (build 17.0.5+8)
# Java VM: OpenJDK 64-Bit Server VM Temurin-17.0.5+8 (17.0.5+8, mixed mode, tiered, compressed oops, compressed class ptrs, parallel gc, windows-amd64)
GC Precious Log:
 CPUs: 12 total, 12 available
 Memory: 16236M
 Large Page Support: Disabled
 NUMA Support: Disabled
 Compressed Oops: Enabled (32-bit)
 Alignments: Space 512K, Generation 512K, Heap 2M
 Heap Min Capacity: 100M
 Heap Initial Capacity: 100M
 Heap Max Capacity: 1G
 Pre-touch: Disabled
 Parallel Workers: 10
Heap:
 PSYoungGen      total 15360K, used 14148K [0x00000000eab00000, 0x00000000ebe80000, 0x0000000100000000)
  eden space 12288K, 90% used [0x00000000eab00000,0x00000000eb5de158,0x00000000eb700000)
  from space 3072K, 98% used [0x00000000eba00000,0x00000000ebcf2ec8,0x00000000ebd00000)
  to   space 1536K, 0% used [0x00000000ebd00000,0x00000000ebd00000,0x00000000ebe80000)
 ParOldGen       total 107008K, used 76822K [0x00000000c0000000, 0x00000000c6880000, 0x00000000eab00000)
  object space 107008K, 71% used [0x00000000c0000000,0x00000000c4b05880,0x00000000c6880000)
 Metaspace       used 64755K, committed 65728K, reserved 1114112K
  class space    used 6753K, committed 7168K, reserved 1048576K
GC Heap History (20 events):
Event: 13.637 GC heap before
{Heap before GC invocations=33 (full 4):
 PSYoungGen      total 25088K, used 25057K [0x00000000eab00000, 0x00000000edd00000, 0x0000000100000000)
  eden space 12288K, 100% used [0x00000000eab00000,0x00000000eb700000,0x00000000eb700000)
  from space 12800K, 99% used [0x00000000eb700000,0x00000000ec3785a0,0x00000000ec380000)
  to   space 19456K, 0% used [0x00000000eca00000,0x00000000eca00000,0x00000000edd00000)
 ParOldGen       total 91648K, used 61446K [0x00000000c0000000, 0x00000000c5980000, 0x00000000eab00000)
  object space 91648K, 67% used [0x00000000c0000000,0x00000000c3c01b18,0x00000000c5980000)
 Metaspace       used 61079K, committed 62080K, reserved 1105920K
  class space    used 6463K, committed 6912K, reserved 1048576K
}
Event: 13.647 GC heap after
{Heap after GC invocations=33 (full 4):
 PSYoungGen      total 20480K, used 7936K [0x00000000eab00000, 0x00000000ed200000, 0x0000000100000000)
  eden space 12288K, 0% used [0x00000000eab00000,0x00000000eab00000,0x00000000eb700000)
  from space 8192K, 96% used [0x00000000eca00000,0x00000000ed1c0000,0x00000000ed200000)
  to   space 11776K, 0% used [0x00000000ebb00000,0x00000000ebb00000,0x00000000ec680000)
 ParOldGen       total 91648K, used 74262K [0x00000000c0000000, 0x00000000c5980000, 0x00000000eab00000)
  object space 91648K, 81% used [0x00000000c0000000,0x00000000c4885bd8,0x00000000c5980000)
 Metaspace       used 61079K, committed 62080K, reserved 1105920K
  class space    used 6463K, committed 6912K, reserved 1048576K
}
Event: 13.699 GC heap before
{Heap before GC invocations=34 (full 4):
 PSYoungGen      total 20480K, used 20224K [0x00000000eab00000, 0x00000000ed200000, 0x0000000100000000)
  eden space 12288K, 100% used [0x00000000eab00000,0x00000000eb700000,0x00000000eb700000)
  from space 8192K, 96% used [0x00000000eca00000,0x00000000ed1c0000,0x00000000ed200000)
  to   space 11776K, 0% used [0x00000000ebb00000,0x00000000ebb00000,0x00000000ec680000)
 ParOldGen       total 91648K, used 74262K [0x00000000c0000000, 0x00000000c5980000, 0x00000000eab00000)
  object space 91648K, 81% used [0x00000000c0000000,0x00000000c4885bd8,0x00000000c5980000)
 Metaspace       used 61376K, committed 62400K, reserved 1105920K
  class space    used 6498K, committed 6976K, reserved 1048576K
}
Event: 13.704 GC heap after
{Heap after GC invocations=34 (full 4):
 PSYoungGen      total 24064K, used 11776K [0x00000000eab00000, 0x00000000ed800000, 0x0000000100000000)
  eden space 12288K, 0% used [0x00000000eab00000,0x00000000eab00000,0x00000000eb700000)
  from space 11776K, 100% used [0x00000000ebb00000,0x00000000ec680000,0x00000000ec680000)
  to   space 16896K, 0% used [0x00000000ec780000,0x00000000ec780000,0x00000000ed800000)
 ParOldGen       total 91648K, used 77926K [0x00000000c0000000, 0x00000000c5980000, 0x00000000eab00000)
  object space 91648K, 85% used [0x00000000c0000000,0x00000000c4c19bd8,0x00000000c5980000)
 Metaspace       used 61376K, committed 62400K, reserved 1105920K
  class space    used 6498K, committed 6976K, reserved 1048576K
}
Event: 13.767 GC heap before
{Heap before GC invocations=35 (full 4):
 PSYoungGen      total 24064K, used 24064K [0x00000000eab00000, 0x00000000ed800000, 0x0000000100000000)
  eden space 12288K, 100% used [0x00000000eab00000,0x00000000eb700000,0x00000000eb700000)
  from space 11776K, 100% used [0x00000000ebb00000,0x00000000ec680000,0x00000000ec680000)
  to   space 16896K, 0% used [0x00000000ec780000,0x00000000ec780000,0x00000000ed800000)
 ParOldGen       total 91648K, used 77926K [0x00000000c0000000, 0x00000000c5980000, 0x00000000eab00000)
  object space 91648K, 85% used [0x00000000c0000000,0x00000000c4c19bd8,0x00000000c5980000)
 Metaspace       used 61645K, committed 62656K, reserved 1105920K
  class space    used 6520K, committed 6976K, reserved 1048576K
}
Event: 13.775 GC heap after
{Heap after GC invocations=35 (full 4):
 PSYoungGen      total 19968K, used 7296K [0x00000000eab00000, 0x00000000ecf00000, 0x0000000100000000)
  eden space 12288K, 0% used [0x00000000eab00000,0x00000000eab00000,0x00000000eb700000)
  from space 7680K, 95% used [0x00000000ec780000,0x00000000ecea0000,0x00000000ecf00000)
  to   space 10752K, 0% used [0x00000000eba00000,0x00000000eba00000,0x00000000ec480000)
 ParOldGen       total 91648K, used 89750K [0x00000000c0000000, 0x00000000c5980000, 0x00000000eab00000)
  object space 91648K, 97% used [0x00000000c0000000,0x00000000c57a5bd8,0x00000000c5980000)
 Metaspace       used 61645K, committed 62656K, reserved 1105920K
  class space    used 6520K, committed 6976K, reserved 1048576K
}
Event: 13.775 GC heap before
{Heap before GC invocations=36 (full 5):
 PSYoungGen      total 19968K, used 7296K [0x00000000eab00000, 0x00000000ecf00000, 0x0000000100000000)
  eden space 12288K, 0% used [0x00000000eab00000,0x00000000eab00000,0x00000000eb700000)
  from space 7680K, 95% used [0x00000000ec780000,0x00000000ecea0000,0x00000000ecf00000)
  to   space 10752K, 0% used [0x00000000eba00000,0x00000000eba00000,0x00000000ec480000)
 ParOldGen       total 91648K, used 89750K [0x00000000c0000000, 0x00000000c5980000, 0x00000000eab00000)
  object space 91648K, 97% used [0x00000000c0000000,0x00000000c57a5bd8,0x00000000c5980000)
 Metaspace       used 61645K, committed 62656K, reserved 1105920K
  class space    used 6520K, committed 6976K, reserved 1048576K
}
Event: 13.827 GC heap after
{Heap after GC invocations=36 (full 5):
 PSYoungGen      total 12800K, used 0K [0x00000000eab00000, 0x00000000ecc00000, 0x0000000100000000)
  eden space 12288K, 0% used [0x00000000eab00000,0x00000000eab00000,0x00000000eb700000)
  from space 512K, 0% used [0x00000000eba00000,0x00000000eba00000,0x00000000eba80000)
  to   space 10752K, 0% used [0x00000000ec180000,0x00000000ec180000,0x00000000ecc00000)
 ParOldGen       total 107008K, used 68658K [0x00000000c0000000, 0x00000000c6880000, 0x00000000eab00000)
  object space 107008K, 64% used [0x00000000c0000000,0x00000000c430c9b0,0x00000000c6880000)
 Metaspace       used 61645K, committed 62656K, reserved 1105920K
  class space    used 6520K, committed 6976K, reserved 1048576K
}
Event: 13.888 GC heap before
{Heap before GC invocations=37 (full 5):
 PSYoungGen      total 12800K, used 12288K [0x00000000eab00000, 0x00000000ecc00000, 0x0000000100000000)
  eden space 12288K, 100% used [0x00000000eab00000,0x00000000eb700000,0x00000000eb700000)
  from space 512K, 0% used [0x00000000eba00000,0x00000000eba00000,0x00000000eba80000)
  to   space 10752K, 0% used [0x00000000ec180000,0x00000000ec180000,0x00000000ecc00000)
 ParOldGen       total 107008K, used 68658K [0x00000000c0000000, 0x00000000c6880000, 0x00000000eab00000)
  object space 107008K, 64% used [0x00000000c0000000,0x00000000c430c9b0,0x00000000c6880000)
 Metaspace       used 61781K, committed 62784K, reserved 1105920K
  class space    used 6529K, committed 6976K, reserved 1048576K
}
Event: 13.892 GC heap after
{Heap after GC invocations=37 (full 5):
 PSYoungGen      total 20480K, used 7792K [0x00000000eab00000, 0x00000000ec980000, 0x0000000100000000)
  eden space 12288K, 0% used [0x00000000eab00000,0x00000000eab00000,0x00000000eb700000)
  from space 8192K, 95% used [0x00000000ec180000,0x00000000ec91c010,0x00000000ec980000)
  to   space 8192K, 0% used [0x00000000eb980000,0x00000000eb980000,0x00000000ec180000)
 ParOldGen       total 107008K, used 68666K [0x00000000c0000000, 0x00000000c6880000, 0x00000000eab00000)
  object space 107008K, 64% used [0x00000000c0000000,0x00000000c430e9b0,0x00000000c6880000)
 Metaspace       used 61781K, committed 62784K, reserved 1105920K
  class space    used 6529K, committed 6976K, reserved 1048576K
}
Event: 17.580 GC heap before
{Heap before GC invocations=38 (full 5):
 PSYoungGen      total 20480K, used 20080K [0x00000000eab00000, 0x00000000ec980000, 0x0000000100000000)
  eden space 12288K, 99% used [0x00000000eab00000,0x00000000eb6ffff8,0x00000000eb700000)
  from space 8192K, 95% used [0x00000000ec180000,0x00000000ec91c010,0x00000000ec980000)
  to   space 8192K, 0% used [0x00000000eb980000,0x00000000eb980000,0x00000000ec180000)
 ParOldGen       total 107008K, used 68666K [0x00000000c0000000, 0x00000000c6880000, 0x00000000eab00000)
  object space 107008K, 64% used [0x00000000c0000000,0x00000000c430e9b0,0x00000000c6880000)
 Metaspace       used 62715K, committed 63680K, reserved 1105920K
  class space    used 6632K, committed 7040K, reserved 1048576K
}
Event: 17.584 GC heap after
{Heap after GC invocations=38 (full 5):
 PSYoungGen      total 20480K, used 8171K [0x00000000eab00000, 0x00000000ecc00000, 0x0000000100000000)
  eden space 12288K, 0% used [0x00000000eab00000,0x00000000eab00000,0x00000000eb700000)
  from space 8192K, 99% used [0x00000000eb980000,0x00000000ec17aec8,0x00000000ec180000)
  to   space 10752K, 0% used [0x00000000ec180000,0x00000000ec180000,0x00000000ecc00000)
 ParOldGen       total 107008K, used 70666K [0x00000000c0000000, 0x00000000c6880000, 0x00000000eab00000)
  object space 107008K, 66% used [0x00000000c0000000,0x00000000c45029b0,0x00000000c6880000)
 Metaspace       used 62715K, committed 63680K, reserved 1105920K
  class space    used 6632K, committed 7040K, reserved 1048576K
}
Event: 97.877 GC heap before
{Heap before GC invocations=39 (full 5):
 PSYoungGen      total 20480K, used 20459K [0x00000000eab00000, 0x00000000ecc00000, 0x0000000100000000)
  eden space 12288K, 99% used [0x00000000eab00000,0x00000000eb6ffea8,0x00000000eb700000)
  from space 8192K, 99% used [0x00000000eb980000,0x00000000ec17aec8,0x00000000ec180000)
  to   space 10752K, 0% used [0x00000000ec180000,0x00000000ec180000,0x00000000ecc00000)
 ParOldGen       total 107008K, used 70666K [0x00000000c0000000, 0x00000000c6880000, 0x00000000eab00000)
  object space 107008K, 66% used [0x00000000c0000000,0x00000000c45029b0,0x00000000c6880000)
 Metaspace       used 63565K, committed 64576K, reserved 1114112K
  class space    used 6687K, committed 7104K, reserved 1048576K
}
Event: 97.881 GC heap after
{Heap after GC invocations=39 (full 5):
 PSYoungGen      total 14848K, used 2443K [0x00000000eab00000, 0x00000000ec400000, 0x0000000100000000)
  eden space 12288K, 0% used [0x00000000eab00000,0x00000000eab00000,0x00000000eb700000)
  from space 2560K, 95% used [0x00000000ec180000,0x00000000ec3e2ec8,0x00000000ec400000)
  to   space 5632K, 0% used [0x00000000eb900000,0x00000000eb900000,0x00000000ebe80000)
 ParOldGen       total 107008K, used 76798K [0x00000000c0000000, 0x00000000c6880000, 0x00000000eab00000)
  object space 107008K, 71% used [0x00000000c0000000,0x00000000c4aff880,0x00000000c6880000)
 Metaspace       used 63565K, committed 64576K, reserved 1114112K
  class space    used 6687K, committed 7104K, reserved 1048576K
}
Event: 97.951 GC heap before
{Heap before GC invocations=40 (full 5):
 PSYoungGen      total 14848K, used 14438K [0x00000000eab00000, 0x00000000ec400000, 0x0000000100000000)
  eden space 12288K, 97% used [0x00000000eab00000,0x00000000eb6b6ba0,0x00000000eb700000)
  from space 2560K, 95% used [0x00000000ec180000,0x00000000ec3e2ec8,0x00000000ec400000)
  to   space 5632K, 0% used [0x00000000eb900000,0x00000000eb900000,0x00000000ebe80000)
 ParOldGen       total 107008K, used 76798K [0x00000000c0000000, 0x00000000c6880000, 0x00000000eab00000)
  object space 107008K, 71% used [0x00000000c0000000,0x00000000c4aff880,0x00000000c6880000)
 Metaspace       used 63606K, committed 64576K, reserved 1114112K
  class space    used 6693K, committed 7104K, reserved 1048576K
}
Event: 97.953 GC heap after
{Heap after GC invocations=40 (full 5):
 PSYoungGen      total 17408K, used 5042K [0x00000000eab00000, 0x00000000ec200000, 0x0000000100000000)
  eden space 12288K, 0% used [0x00000000eab00000,0x00000000eab00000,0x00000000eb700000)
  from space 5120K, 98% used [0x00000000eb900000,0x00000000ebdec818,0x00000000ebe00000)
  to   space 4096K, 0% used [0x00000000ebe00000,0x00000000ebe00000,0x00000000ec200000)
 ParOldGen       total 107008K, used 76806K [0x00000000c0000000, 0x00000000c6880000, 0x00000000eab00000)
  object space 107008K, 71% used [0x00000000c0000000,0x00000000c4b01880,0x00000000c6880000)
 Metaspace       used 63606K, committed 64576K, reserved 1114112K
  class space    used 6693K, committed 7104K, reserved 1048576K
}
Event: 144.746 GC heap before
{Heap before GC invocations=41 (full 5):
 PSYoungGen      total 17408K, used 17330K [0x00000000eab00000, 0x00000000ec200000, 0x0000000100000000)
  eden space 12288K, 100% used [0x00000000eab00000,0x00000000eb700000,0x00000000eb700000)
  from space 5120K, 98% used [0x00000000eb900000,0x00000000ebdec818,0x00000000ebe00000)
  to   space 4096K, 0% used [0x00000000ebe00000,0x00000000ebe00000,0x00000000ec200000)
 ParOldGen       total 107008K, used 76806K [0x00000000c0000000, 0x00000000c6880000, 0x00000000eab00000)
  object space 107008K, 71% used [0x00000000c0000000,0x00000000c4b01880,0x00000000c6880000)
 Metaspace       used 64022K, committed 64896K, reserved 1114112K
  class space    used 6717K, committed 7104K, reserved 1048576K
}
Event: 144.748 GC heap after
{Heap after GC invocations=41 (full 5):
 PSYoungGen      total 15360K, used 2635K [0x00000000eab00000, 0x00000000ec100000, 0x0000000100000000)
  eden space 12288K, 0% used [0x00000000eab00000,0x00000000eab00000,0x00000000eb700000)
  from space 3072K, 85% used [0x00000000ebe00000,0x00000000ec092ec8,0x00000000ec100000)
  to   space 3584K, 0% used [0x00000000eba00000,0x00000000eba00000,0x00000000ebd80000)
 ParOldGen       total 107008K, used 76814K [0x00000000c0000000, 0x00000000c6880000, 0x00000000eab00000)
  object space 107008K, 71% used [0x00000000c0000000,0x00000000c4b03880,0x00000000c6880000)
 Metaspace       used 64022K, committed 64896K, reserved 1114112K
  class space    used 6717K, committed 7104K, reserved 1048576K
}
Event: 175.693 GC heap before
{Heap before GC invocations=42 (full 5):
 PSYoungGen      total 15360K, used 14923K [0x00000000eab00000, 0x00000000ec100000, 0x0000000100000000)
  eden space 12288K, 100% used [0x00000000eab00000,0x00000000eb700000,0x00000000eb700000)
  from space 3072K, 85% used [0x00000000ebe00000,0x00000000ec092ec8,0x00000000ec100000)
  to   space 3584K, 0% used [0x00000000eba00000,0x00000000eba00000,0x00000000ebd80000)
 ParOldGen       total 107008K, used 76814K [0x00000000c0000000, 0x00000000c6880000, 0x00000000eab00000)
  object space 107008K, 71% used [0x00000000c0000000,0x00000000c4b03880,0x00000000c6880000)
 Metaspace       used 64481K, committed 65344K, reserved 1114112K
  class space    used 6753K, committed 7168K, reserved 1048576K
}
Event: 175.696 GC heap after
{Heap after GC invocations=42 (full 5):
 PSYoungGen      total 15360K, used 3019K [0x00000000eab00000, 0x00000000ebe80000, 0x0000000100000000)
  eden space 12288K, 0% used [0x00000000eab00000,0x00000000eab00000,0x00000000eb700000)
  from space 3072K, 98% used [0x00000000eba00000,0x00000000ebcf2ec8,0x00000000ebd00000)
  to   space 1536K, 0% used [0x00000000ebd00000,0x00000000ebd00000,0x00000000ebe80000)
 ParOldGen       total 107008K, used 76822K [0x00000000c0000000, 0x00000000c6880000, 0x00000000eab00000)
  object space 107008K, 71% used [0x00000000c0000000,0x00000000c4b05880,0x00000000c6880000)
 Metaspace       used 64481K, committed 65344K, reserved 1114112K
  class space    used 6753K, committed 7168K, reserved 1048576K
}

